Verificar nó 1,1

** Lista Vazia **
Verificando caminhos possíveis...

Histórico: 
[ (1,1)]


1,0 | Inválido (4)
0,1 | Inválido (3)
1,2 | CANT: 0 | Dentro | Não Obstáculo | Não Visitado | Custo: 10 - Lista vazia -  | Lista iniciada.
2,1 | CANT: 0 | Dentro | Inválido (1)
Próximo nó: 1,2
Verificar nó 1,2

** Lista Não Vazia **
--

[[10,[ (1,2), (1,1)]]]

--

Primeiro item removido. Custo: 10; Lista: []
Verificando caminhos possíveis...

Histórico: 
[ (1,2), (1,1)]


1,1 | CANT: 10 | Dentro | Não Obstáculo | Inválido (4)
0,2 | Inválido (3)
1,3 | CANT: 10 | Dentro | Não Obstáculo | Não Visitado | Custo: 10 - Lista vazia -  | Lista iniciada.
2,2 | CANT: 10 | Dentro | Não Obstáculo | Não Visitado | Custo: 10 - Lista não vazia -  | Custo Total: 20 | Lista: [[20,[ (2,2), (1,2), (1,1)]],[20,[ (1,3), (1,2), (1,1)]]] | Novo caminho adicionado. | Lista: [[20,[ (2,2), (1,2), (1,1)]],[20,[ (1,3), (1,2), (1,1)]]]

Próximo nó: 2,2
Verificar nó 2,2

** Lista Não Vazia **
--

[[20,[ (2,2), (1,2), (1,1)]],[20,[ (1,3), (1,2), (1,1)]]]

--

Primeiro item removido. Custo: 20; Lista: [[20,[ (1,3), (1,2), (1,1)]]]
Verificando caminhos possíveis...

Histórico: 
[ (2,2), (1,2), (1,1)]


2,1 | CANT: 20 | Dentro | Inválido (4)
1,2 | CANT: 20 | Dentro | Não Obstáculo | Inválido (3)
2,3 | CANT: 20 | Dentro | Não Obstáculo | Não Visitado | Custo: 10 - Lista não vazia -  | Custo Total: 30 | Lista: [[30,[ (2,3), (2,2), (1,2), (1,1)]],[20,[ (1,3), (1,2), (1,1)]]] | Novo caminho adicionado. | Lista: [[30,[ (2,3), (2,2), (1,2), (1,1)]],[20,[ (1,3), (1,2), (1,1)]]]

3,2 | CANT: 20 | Dentro | Não Obstáculo | Não Visitado | Custo: 10 - Lista não vazia -  | Custo Total: 30 | Lista: [[30,[ (3,2), (2,2), (1,2), (1,1)]],[30,[ (2,3), (2,2), (1,2), (1,1)]],[20,[ (1,3), (1,2), (1,1)]]] | Novo caminho adicionado. | Lista: [[30,[ (3,2), (2,2), (1,2), (1,1)]],[30,[ (2,3), (2,2), (1,2), (1,1)]],[20,[ (1,3), (1,2), (1,1)]]]

Próximo nó: 3,2
Verificar nó 3,2

** Lista Não Vazia **
--

[[30,[ (3,2), (2,2), (1,2), (1,1)]],[30,[ (2,3), (2,2), (1,2), (1,1)]],[20,[ (1,3), (1,2), (1,1)]]]

--

Primeiro item removido. Custo: 30; Lista: [[30,[ (2,3), (2,2), (1,2), (1,1)]],[20,[ (1,3), (1,2), (1,1)]]]
Verificando caminhos possíveis...

Histórico: 
[ (3,2), (2,2), (1,2), (1,1)]


3,1 | CANT: 30 | Dentro | Não Obstáculo | Não Visitado | Custo: 10 - Lista não vazia -  | Custo Total: 40 | Lista: [[40,[ (3,1), (3,2), (2,2), (1,2), (1,1)]],[30,[ (2,3), (2,2), (1,2), (1,1)]],[20,[ (1,3), (1,2), (1,1)]]] | Novo caminho adicionado. | Lista: [[40,[ (3,1), (3,2), (2,2), (1,2), (1,1)]],[30,[ (2,3), (2,2), (1,2), (1,1)]],[20,[ (1,3), (1,2), (1,1)]]]

2,2 | CANT: 30 | Dentro | Não Obstáculo | Inválido (3)
3,3 | CANT: 30 | Dentro | Não Obstáculo | Não Visitado | Custo: 10 - Lista não vazia -  | Custo Total: 40 | Lista: [[40,[ (3,3), (3,2), (2,2), (1,2), (1,1)]],[40,[ (3,1), (3,2), (2,2), (1,2), (1,1)]],[30,[ (2,3), (2,2), (1,2), (1,1)]],[20,[ (1,3), (1,2), (1,1)]]] | Novo caminho adicionado. | Lista: [[40,[ (3,3), (3,2), (2,2), (1,2), (1,1)]],[40,[ (3,1), (3,2), (2,2), (1,2), (1,1)]],[30,[ (2,3), (2,2), (1,2), (1,1)]],[20,[ (1,3), (1,2), (1,1)]]]

4,2 | CANT: 30 | Dentro | Inválido (1)
Próximo nó: 3,3
Verificar nó 3,3

** Lista Não Vazia **
--

[[40,[ (3,3), (3,2), (2,2), (1,2), (1,1)]],[40,[ (3,1), (3,2), (2,2), (1,2), (1,1)]],[30,[ (2,3), (2,2), (1,2), (1,1)]],[20,[ (1,3), (1,2), (1,1)]]]

--

Primeiro item removido. Custo: 40; Lista: [[40,[ (3,1), (3,2), (2,2), (1,2), (1,1)]],[30,[ (2,3), (2,2), (1,2), (1,1)]],[20,[ (1,3), (1,2), (1,1)]]]
Verificando caminhos possíveis...

Histórico: 
[ (3,3), (3,2), (2,2), (1,2), (1,1)]


3,2 | CANT: 40 | Dentro | Não Obstáculo | Inválido (4)
2,3 | CANT: 40 | Dentro | Não Obstáculo | Não Visitado | Custo: 10 - Lista não vazia -  | Custo Total: 50 | Lista: [[50,[ (2,3), (3,3), (3,2), (2,2), (1,2), (1,1)]],[40,[ (3,1), (3,2), (2,2), (1,2), (1,1)]],[30,[ (2,3), (2,2), (1,2), (1,1)]],[20,[ (1,3), (1,2), (1,1)]]] | Novo caminho adicionado. | Lista: [[50,[ (2,3), (3,3), (3,2), (2,2), (1,2), (1,1)]],[40,[ (3,1), (3,2), (2,2), (1,2), (1,1)]],[30,[ (2,3), (2,2), (1,2), (1,1)]],[20,[ (1,3), (1,2), (1,1)]]]

3,4 | CANT: 40 | Dentro | Inválido (2)
4,3 | CANT: 40 | Dentro | Inválido (1)
Próximo nó: 2,3
Verificar nó 2,3

** Lista Não Vazia **
--

[[50,[ (2,3), (3,3), (3,2), (2,2), (1,2), (1,1)]],[40,[ (3,1), (3,2), (2,2), (1,2), (1,1)]],[30,[ (2,3), (2,2), (1,2), (1,1)]],[20,[ (1,3), (1,2), (1,1)]]]

--

Primeiro item removido. Custo: 50; Lista: [[40,[ (3,1), (3,2), (2,2), (1,2), (1,1)]],[30,[ (2,3), (2,2), (1,2), (1,1)]],[20,[ (1,3), (1,2), (1,1)]]]
Verificando caminhos possíveis...

Histórico: 
[ (2,3), (3,3), (3,2), (2,2), (1,2), (1,1)]


2,2 | CANT: 50 | Dentro | Não Obstáculo | Inválido (4)
1,3 | CANT: 50 | Dentro | Não Obstáculo | Não Visitado | Custo: 10 - Lista não vazia -  | Custo Total: 60 | Lista: [[60,[ (1,3), (2,3), (3,3), (3,2), (2,2), (1,2), (1,1)]],[40,[ (3,1), (3,2), (2,2), (1,2), (1,1)]],[30,[ (2,3), (2,2), (1,2), (1,1)]],[20,[ (1,3), (1,2), (1,1)]]] | Novo caminho adicionado. | Lista: [[60,[ (1,3), (2,3), (3,3), (3,2), (2,2), (1,2), (1,1)]],[40,[ (3,1), (3,2), (2,2), (1,2), (1,1)]],[30,[ (2,3), (2,2), (1,2), (1,1)]],[20,[ (1,3), (1,2), (1,1)]]]

2,4 | CANT: 50 | Dentro | Inválido (2)
3,3 | CANT: 50 | Dentro | Não Obstáculo | Inválido (1)
Próximo nó: 1,3
Verificar nó 1,3

** Lista Não Vazia **
--

[[60,[ (1,3), (2,3), (3,3), (3,2), (2,2), (1,2), (1,1)]],[40,[ (3,1), (3,2), (2,2), (1,2), (1,1)]],[30,[ (2,3), (2,2), (1,2), (1,1)]],[20,[ (1,3), (1,2), (1,1)]]]

--

Primeiro item removido. Custo: 60; Lista: [[40,[ (3,1), (3,2), (2,2), (1,2), (1,1)]],[30,[ (2,3), (2,2), (1,2), (1,1)]],[20,[ (1,3), (1,2), (1,1)]]]
Verificando caminhos possíveis...

Histórico: 
[ (1,3), (2,3), (3,3), (3,2), (2,2), (1,2), (1,1)]


1,2 | CANT: 60 | Dentro | Não Obstáculo | Inválido (4)
0,3 | Inválido (3)
1,4 | CANT: 60 | Dentro | Não Obstáculo | Não Visitado | Custo: 10 - Lista não vazia -  | Custo Total: 70 | Lista: [[70,[ (1,4), (1,3), (2,3), (3,3), (3,2), (2,2), (1,2), (1,1)]],[40,[ (3,1), (3,2), (2,2), (1,2), (1,1)]],[30,[ (2,3), (2,2), (1,2), (1,1)]],[20,[ (1,3), (1,2), (1,1)]]] | Novo caminho adicionado. | Lista: [[70,[ (1,4), (1,3), (2,3), (3,3), (3,2), (2,2), (1,2), (1,1)]],[40,[ (3,1), (3,2), (2,2), (1,2), (1,1)]],[30,[ (2,3), (2,2), (1,2), (1,1)]],[20,[ (1,3), (1,2), (1,1)]]]

2,3 | CANT: 60 | Dentro | Não Obstáculo | Inválido (1)
Próximo nó: 1,4
Verificar nó 1,4

** Lista Não Vazia **
--

[[70,[ (1,4), (1,3), (2,3), (3,3), (3,2), (2,2), (1,2), (1,1)]],[40,[ (3,1), (3,2), (2,2), (1,2), (1,1)]],[30,[ (2,3), (2,2), (1,2), (1,1)]],[20,[ (1,3), (1,2), (1,1)]]]

--

Primeiro item removido. Custo: 70; Lista: [[40,[ (3,1), (3,2), (2,2), (1,2), (1,1)]],[30,[ (2,3), (2,2), (1,2), (1,1)]],[20,[ (1,3), (1,2), (1,1)]]]
Verificando caminhos possíveis...

Histórico: 
[ (1,4), (1,3), (2,3), (3,3), (3,2), (2,2), (1,2), (1,1)]


1,3 | CANT: 70 | Dentro | Não Obstáculo | Inválido (4)
0,4 | Inválido (3)
1,5 | CANT: 70 | Dentro | Não Obstáculo | Não Visitado | Custo: 10 - Lista não vazia -  | Custo Total: 80 | Lista: [[80,[ (1,5), (1,4), (1,3), (2,3), (3,3), (3,2), (2,2), (1,2), (1,1)]],[40,[ (3,1), (3,2), (2,2), (1,2), (1,1)]],[30,[ (2,3), (2,2), (1,2), (1,1)]],[20,[ (1,3), (1,2), (1,1)]]] | Novo caminho adicionado. | Lista: [[80,[ (1,5), (1,4), (1,3), (2,3), (3,3), (3,2), (2,2), (1,2), (1,1)]],[40,[ (3,1), (3,2), (2,2), (1,2), (1,1)]],[30,[ (2,3), (2,2), (1,2), (1,1)]],[20,[ (1,3), (1,2), (1,1)]]]

2,4 | CANT: 70 | Dentro | Inválido (1)
Próximo nó: 1,5
Verificar nó 1,5

** Lista Não Vazia **
--

[[80,[ (1,5), (1,4), (1,3), (2,3), (3,3), (3,2), (2,2), (1,2), (1,1)]],[40,[ (3,1), (3,2), (2,2), (1,2), (1,1)]],[30,[ (2,3), (2,2), (1,2), (1,1)]],[20,[ (1,3), (1,2), (1,1)]]]

--

Primeiro item removido. Custo: 80; Lista: [[40,[ (3,1), (3,2), (2,2), (1,2), (1,1)]],[30,[ (2,3), (2,2), (1,2), (1,1)]],[20,[ (1,3), (1,2), (1,1)]]]
Verificando caminhos possíveis...

Histórico: 
[ (1,5), (1,4), (1,3), (2,3), (3,3), (3,2), (2,2), (1,2), (1,1)]


1,4 | CANT: 80 | Dentro | Não Obstáculo | Inválido (4)
0,5 | Inválido (3)
1,6 | Inválido (2)
2,5 | CANT: 80 | Dentro | Não Obstáculo | Não Visitado | Custo: 10 - Lista não vazia -  | Custo Total: 90 | Lista: [[90,[ (2,5), (1,5), (1,4), (1,3), (2,3), (3,3), (3,2), (2,2), (1,2), (1,1)]],[40,[ (3,1), (3,2), (2,2), (1,2), (1,1)]],[30,[ (2,3), (2,2), (1,2), (1,1)]],[20,[ (1,3), (1,2), (1,1)]]] | Novo caminho adicionado. | Lista: [[90,[ (2,5), (1,5), (1,4), (1,3), (2,3), (3,3), (3,2), (2,2), (1,2), (1,1)]],[40,[ (3,1), (3,2), (2,2), (1,2), (1,1)]],[30,[ (2,3), (2,2), (1,2), (1,1)]],[20,[ (1,3), (1,2), (1,1)]]]

Próximo nó: 2,5
Verificar nó 2,5

** Lista Não Vazia **
--

[[90,[ (2,5), (1,5), (1,4), (1,3), (2,3), (3,3), (3,2), (2,2), (1,2), (1,1)]],[40,[ (3,1), (3,2), (2,2), (1,2), (1,1)]],[30,[ (2,3), (2,2), (1,2), (1,1)]],[20,[ (1,3), (1,2), (1,1)]]]

--

Primeiro item removido. Custo: 90; Lista: [[40,[ (3,1), (3,2), (2,2), (1,2), (1,1)]],[30,[ (2,3), (2,2), (1,2), (1,1)]],[20,[ (1,3), (1,2), (1,1)]]]
Verificando caminhos possíveis...

Histórico: 
[ (2,5), (1,5), (1,4), (1,3), (2,3), (3,3), (3,2), (2,2), (1,2), (1,1)]


2,4 | CANT: 90 | Dentro | Inválido (4)
1,5 | CANT: 90 | Dentro | Não Obstáculo | Inválido (3)
2,6 | Inválido (2)
3,5 | CANT: 90 | Dentro | Não Obstáculo | Não Visitado | Custo: 10 - Lista não vazia -  | Custo Total: 100 | Lista: [[100,[ (3,5), (2,5), (1,5), (1,4), (1,3), (2,3), (3,3), (3,2), (2,2), (1,2), (1,1)]],[40,[ (3,1), (3,2), (2,2), (1,2), (1,1)]],[30,[ (2,3), (2,2), (1,2), (1,1)]],[20,[ (1,3), (1,2), (1,1)]]] | Novo caminho adicionado. | Lista: [[100,[ (3,5), (2,5), (1,5), (1,4), (1,3), (2,3), (3,3), (3,2), (2,2), (1,2), (1,1)]],[40,[ (3,1), (3,2), (2,2), (1,2), (1,1)]],[30,[ (2,3), (2,2), (1,2), (1,1)]],[20,[ (1,3), (1,2), (1,1)]]]

Próximo nó: 3,5
Verificar nó 3,5

** Lista Não Vazia **
--

[[100,[ (3,5), (2,5), (1,5), (1,4), (1,3), (2,3), (3,3), (3,2), (2,2), (1,2), (1,1)]],[40,[ (3,1), (3,2), (2,2), (1,2), (1,1)]],[30,[ (2,3), (2,2), (1,2), (1,1)]],[20,[ (1,3), (1,2), (1,1)]]]

--

Primeiro item removido. Custo: 100; Lista: [[40,[ (3,1), (3,2), (2,2), (1,2), (1,1)]],[30,[ (2,3), (2,2), (1,2), (1,1)]],[20,[ (1,3), (1,2), (1,1)]]]
Verificando caminhos possíveis...

Histórico: 
[ (3,5), (2,5), (1,5), (1,4), (1,3), (2,3), (3,3), (3,2), (2,2), (1,2), (1,1)]


3,4 | CANT: 100 | Dentro | Inválido (4)
2,5 | CANT: 100 | Dentro | Não Obstáculo | Inválido (3)
3,6 | Inválido (2)
4,5 | CANT: 100 | Dentro | Não Obstáculo | Não Visitado | Custo: 10 - Lista não vazia -  | Custo Total: 110 | Lista: [[110,[ (4,5), (3,5), (2,5), (1,5), (1,4), (1,3), (2,3), (3,3), (3,2), (2,2), (1,2), (1,1)]],[40,[ (3,1), (3,2), (2,2), (1,2), (1,1)]],[30,[ (2,3), (2,2), (1,2), (1,1)]],[20,[ (1,3), (1,2), (1,1)]]] | Novo caminho adicionado. | Lista: [[110,[ (4,5), (3,5), (2,5), (1,5), (1,4), (1,3), (2,3), (3,3), (3,2), (2,2), (1,2), (1,1)]],[40,[ (3,1), (3,2), (2,2), (1,2), (1,1)]],[30,[ (2,3), (2,2), (1,2), (1,1)]],[20,[ (1,3), (1,2), (1,1)]]]

Próximo nó: 4,5
Verificar nó 4,5

** Lista Não Vazia **
--

[[110,[ (4,5), (3,5), (2,5), (1,5), (1,4), (1,3), (2,3), (3,3), (3,2), (2,2), (1,2), (1,1)]],[40,[ (3,1), (3,2), (2,2), (1,2), (1,1)]],[30,[ (2,3), (2,2), (1,2), (1,1)]],[20,[ (1,3), (1,2), (1,1)]]]

--

Primeiro item removido. Custo: 110; Lista: [[40,[ (3,1), (3,2), (2,2), (1,2), (1,1)]],[30,[ (2,3), (2,2), (1,2), (1,1)]],[20,[ (1,3), (1,2), (1,1)]]]
Verificando caminhos possíveis...

Histórico: 
[ (4,5), (3,5), (2,5), (1,5), (1,4), (1,3), (2,3), (3,3), (3,2), (2,2), (1,2), (1,1)]


4,4 | CANT: 110 | Dentro | Inválido (4)
3,5 | CANT: 110 | Dentro | Não Obstáculo | Inválido (3)
4,6 | Inválido (2)
5,5 | CANT: 110 | Dentro | Não Obstáculo | Não Visitado | Custo: 10 - Lista não vazia -  | Custo Total: 120 | Lista: [[120,[ (5,5), (4,5), (3,5), (2,5), (1,5), (1,4), (1,3), (2,3), (3,3), (3,2), (2,2), (1,2), (1,1)]],[40,[ (3,1), (3,2), (2,2), (1,2), (1,1)]],[30,[ (2,3), (2,2), (1,2), (1,1)]],[20,[ (1,3), (1,2), (1,1)]]] | Novo caminho adicionado. | Lista: [[120,[ (5,5), (4,5), (3,5), (2,5), (1,5), (1,4), (1,3), (2,3), (3,3), (3,2), (2,2), (1,2), (1,1)]],[40,[ (3,1), (3,2), (2,2), (1,2), (1,1)]],[30,[ (2,3), (2,2), (1,2), (1,1)]],[20,[ (1,3), (1,2), (1,1)]]]

Próximo nó: 5,5
Verificar nó 5,5

** Lista Não Vazia **
--

[[120,[ (5,5), (4,5), (3,5), (2,5), (1,5), (1,4), (1,3), (2,3), (3,3), (3,2), (2,2), (1,2), (1,1)]],[40,[ (3,1), (3,2), (2,2), (1,2), (1,1)]],[30,[ (2,3), (2,2), (1,2), (1,1)]],[20,[ (1,3), (1,2), (1,1)]]]

--

Primeiro item removido. Custo: 120; Lista: [[40,[ (3,1), (3,2), (2,2), (1,2), (1,1)]],[30,[ (2,3), (2,2), (1,2), (1,1)]],[20,[ (1,3), (1,2), (1,1)]]]
Verificando caminhos possíveis...

Histórico: 
[ (5,5), (4,5), (3,5), (2,5), (1,5), (1,4), (1,3), (2,3), (3,3), (3,2), (2,2), (1,2), (1,1)]


5,4 | CANT: 120 | Dentro | Não Obstáculo | Não Visitado | Custo: 5 - Lista não vazia -  | Custo Total: 125 | Lista: [[125,[ (5,4), (5,5), (4,5), (3,5), (2,5), (1,5), (1,4), (1,3), (2,3), (3,3), (3,2), (2,2), (1,2), (1,1)]],[40,[ (3,1), (3,2), (2,2), (1,2), (1,1)]],[30,[ (2,3), (2,2), (1,2), (1,1)]],[20,[ (1,3), (1,2), (1,1)]]] | Novo caminho adicionado. | Lista: [[125,[ (5,4), (5,5), (4,5), (3,5), (2,5), (1,5), (1,4), (1,3), (2,3), (3,3), (3,2), (2,2), (1,2), (1,1)]],[40,[ (3,1), (3,2), (2,2), (1,2), (1,1)]],[30,[ (2,3), (2,2), (1,2), (1,1)]],[20,[ (1,3), (1,2), (1,1)]]]

4,5 | CANT: 120 | Dentro | Não Obstáculo | Inválido (3)
5,6 | Inválido (2)
6,5 | Inválido (1)
Próximo nó: 5,4
Verificar nó 5,4

** É alimento. **
Custo atual: 125
Custo mínimo: 0
-- Custo Inferior. --

###################
Alimento Encontrado! 5,4 Custo: 125, Caminho: [ (5,4), (5,5), (4,5), (3,5), (2,5), (1,5), (1,4), (1,3), (2,3), (3,3), (3,2), (2,2), (1,2), (1,1)]
[*][X][ ][L][ ]
[*][*][*][X][ ]
[*][*][*][X][ ]
[*][X][X][X][A]
[*][*][*][*][*]
###################



[[125,[ (5,4), (5,5), (4,5), (3,5), (2,5), (1,5), (1,4), (1,3), (2,3), (3,3), (3,2), (2,2), (1,2), (1,1)]],[40,[ (3,1), (3,2), (2,2), (1,2), (1,1)]],[30,[ (2,3), (2,2), (1,2), (1,1)]],[20,[ (1,3), (1,2), (1,1)]]]


[[40,[ (3,1), (3,2), (2,2), (1,2), (1,1)]],[30,[ (2,3), (2,2), (1,2), (1,1)]],[20,[ (1,3), (1,2), (1,1)]]]



Próximo nó: 3,1
Verificar nó 3,1

** Lista Não Vazia **
--

[[40,[ (3,1), (3,2), (2,2), (1,2), (1,1)]],[30,[ (2,3), (2,2), (1,2), (1,1)]],[20,[ (1,3), (1,2), (1,1)]]]

--

Primeiro item removido. Custo: 40; Lista: [[30,[ (2,3), (2,2), (1,2), (1,1)]],[20,[ (1,3), (1,2), (1,1)]]]
Verificando caminhos possíveis...

Histórico: 
[ (3,2), (2,2), (1,2), (1,1)]


3,0 | Inválido (4)
2,1 | CANT: 40 | Dentro | Inválido (3)
3,2 | CANT: 40 | Dentro | Não Obstáculo | Inválido (2)
4,1 | CANT: 40 | Dentro | Não Obstáculo | Não Visitado | Custo: 30 - Lista não vazia -  | Custo Total: 70 | Custo: 10 - Lista não vazia -  | Custo Total: 50 | Inválido (1)
Próximo nó: 2,3
Verificar nó 2,3

** Lista Não Vazia **
--

[[30,[ (2,3), (2,2), (1,2), (1,1)]],[20,[ (1,3), (1,2), (1,1)]]]

--

Primeiro item removido. Custo: 30; Lista: [[20,[ (1,3), (1,2), (1,1)]]]
Verificando caminhos possíveis...

Histórico: 
[ (2,3), (2,2), (1,2), (1,1)]


2,2 | CANT: 30 | Dentro | Não Obstáculo | Inválido (4)
1,3 | CANT: 30 | Dentro | Não Obstáculo | Não Visitado | Custo: 10 - Lista não vazia -  | Custo Total: 40 | Inválido (3)
2,4 | CANT: 30 | Dentro | Inválido (2)
3,3 | CANT: 30 | Dentro | Não Obstáculo | Não Visitado | Custo: 10 - Lista não vazia -  | Custo Total: 40 | Inválido (1)
Próximo nó: 1,3
Verificar nó 1,3

** Lista Não Vazia **
--

[[20,[ (1,3), (1,2), (1,1)]]]

--

Primeiro item removido. Custo: 20; Lista: []
Verificando caminhos possíveis...

Histórico: 
[ (1,3), (1,2), (1,1)]


1,2 | CANT: 20 | Dentro | Não Obstáculo | Inválido (4)
0,3 | Inválido (3)
1,4 | CANT: 20 | Dentro | Não Obstáculo | Não Visitado | Custo: 10 - Lista vazia -  | Lista iniciada.
2,3 | CANT: 20 | Dentro | Não Obstáculo | Não Visitado | Custo: 10 - Lista não vazia -  | Custo Total: 30 | Inválido (1)
Próximo nó: 1,4
Verificar nó 1,4

** Lista Não Vazia **
--

[[30,[ (1,4), (1,3), (1,2), (1,1)]]]

--

Primeiro item removido. Custo: 30; Lista: []
Verificando caminhos possíveis...

Histórico: 
[ (1,4), (1,3), (1,2), (1,1)]


1,3 | CANT: 30 | Dentro | Não Obstáculo | Inválido (4)
0,4 | Inválido (3)
1,5 | CANT: 30 | Dentro | Não Obstáculo | Não Visitado | Custo: 10 - Lista vazia -  | Lista iniciada.
2,4 | CANT: 30 | Dentro | Inválido (1)
Próximo nó: 1,5
Verificar nó 1,5

** Lista Não Vazia **
--

[[40,[ (1,5), (1,4), (1,3), (1,2), (1,1)]]]

--

Primeiro item removido. Custo: 40; Lista: []
Verificando caminhos possíveis...

Histórico: 
[ (1,5), (1,4), (1,3), (1,2), (1,1)]


1,4 | CANT: 40 | Dentro | Não Obstáculo | Inválido (4)
0,5 | Inválido (3)
1,6 | Inválido (2)
2,5 | CANT: 40 | Dentro | Não Obstáculo | Não Visitado | Custo: 10 - Lista vazia -  | Lista iniciada.
Próximo nó: 2,5
Verificar nó 2,5

** Lista Não Vazia **
--

[[50,[ (2,5), (1,5), (1,4), (1,3), (1,2), (1,1)]]]

--

Primeiro item removido. Custo: 50; Lista: []
Verificando caminhos possíveis...

Histórico: 
[ (2,5), (1,5), (1,4), (1,3), (1,2), (1,1)]


2,4 | CANT: 50 | Dentro | Inválido (4)
1,5 | CANT: 50 | Dentro | Não Obstáculo | Inválido (3)
2,6 | Inválido (2)
3,5 | CANT: 50 | Dentro | Não Obstáculo | Não Visitado | Custo: 10 - Lista vazia -  | Lista iniciada.
Próximo nó: 3,5
Verificar nó 3,5

** Lista Não Vazia **
--

[[60,[ (3,5), (2,5), (1,5), (1,4), (1,3), (1,2), (1,1)]]]

--

Primeiro item removido. Custo: 60; Lista: []
Verificando caminhos possíveis...

Histórico: 
[ (3,5), (2,5), (1,5), (1,4), (1,3), (1,2), (1,1)]


3,4 | CANT: 60 | Dentro | Inválido (4)
2,5 | CANT: 60 | Dentro | Não Obstáculo | Inválido (3)
3,6 | Inválido (2)
4,5 | CANT: 60 | Dentro | Não Obstáculo | Não Visitado | Custo: 10 - Lista vazia -  | Lista iniciada.
Próximo nó: 4,5
Verificar nó 4,5

** Lista Não Vazia **
--

[[70,[ (4,5), (3,5), (2,5), (1,5), (1,4), (1,3), (1,2), (1,1)]]]

--

Primeiro item removido. Custo: 70; Lista: []
Verificando caminhos possíveis...

Histórico: 
[ (4,5), (3,5), (2,5), (1,5), (1,4), (1,3), (1,2), (1,1)]


4,4 | CANT: 70 | Dentro | Inválido (4)
3,5 | CANT: 70 | Dentro | Não Obstáculo | Inválido (3)
4,6 | Inválido (2)
5,5 | CANT: 70 | Dentro | Não Obstáculo | Não Visitado | Custo: 10 - Lista vazia -  | Lista iniciada.
Próximo nó: 5,5
Verificar nó 5,5

** Lista Não Vazia **
--

[[80,[ (5,5), (4,5), (3,5), (2,5), (1,5), (1,4), (1,3), (1,2), (1,1)]]]

--

Primeiro item removido. Custo: 80; Lista: []
Verificando caminhos possíveis...

Histórico: 
[ (5,5), (4,5), (3,5), (2,5), (1,5), (1,4), (1,3), (1,2), (1,1)]


5,4 | CANT: 80 | Dentro | Não Obstáculo | Não Visitado | Custo: 5 - Lista vazia -  | Lista iniciada.
4,5 | CANT: 80 | Dentro | Não Obstáculo | Inválido (3)
5,6 | Inválido (2)
6,5 | Inválido (1)
Próximo nó: 5,4
Verificar nó 5,4

** É alimento. **
Custo atual: 85
Custo mínimo: 125
++ Custo Superior. ++


[[85,[ (5,4), (5,5), (4,5), (3,5), (2,5), (1,5), (1,4), (1,3), (1,2), (1,1)]]]


[]




Melhor caminho: 
[ (5,4), (5,5), (4,5), (3,5), (2,5), (1,5), (1,4), (1,3), (2,3), (3,3), (3,2), (2,2), (1,2), (1,1)]

Custo: 125


